Loaded .env fallback from /home/house/torrent/.env
Starting torrent app server...
QBITTORRENT_API_URL: http://localhost:8081
QBITTORRENT_USERNAME: house
QBITTORRENT_PASSWORD: (set)
PORT: 3004
node:events:497
      throw er; // Unhandled 'error' event
      ^

Error: listen EADDRINUSE: address already in use 0.0.0.0:3004
    at Server.setupListenHandle [as _listen2] (node:net:1940:16)
    at listenInCluster (node:net:1997:12)
    at node:net:2206:7
    at process.processTicksAndRejections (node:internal/process/task_queues:89:21)
Emitted 'error' event on Server instance at:
    at emitErrorNT (node:net:1976:8)
    at process.processTicksAndRejections (node:internal/process/task_queues:89:21) {
  code: 'EADDRINUSE',
  errno: -98,
  syscall: 'listen',
  address: '0.0.0.0',
  port: 3004
}

Node.js v22.22.2
